JvmtiExport can_access_local_variables 1
JvmtiExport can_hotswap_or_post_breakpoint 1
JvmtiExport can_post_on_exceptions 1
# 294 ciObject found
ciMethod java/lang/Object <init> ()V 4097 1 66321 0 96
ciMethod java/lang/String <init> ([CII)V 4097 1 5761 0 -1
ciMethod java/lang/String length ()I 4097 1 19528 0 0
ciMethod java/lang/String charAt (I)C 4097 1 177672 0 -1
ciMethod java/lang/String equals (Ljava/lang/Object;)Z 4097 15713 3233 0 -1
ciMethod java/lang/String hashCode ()I 2857 32769 3230 0 352
ciMethod java/lang/System arraycopy (Ljava/lang/Object;ILjava/lang/Object;II)V 77825 1 9728 0 -1
ciMethod java/lang/Float valueOf (F)Ljava/lang/Float; 9 1 1 0 0
ciMethod java/lang/Float <init> (F)V 9 1 1 0 -1
ciMethod java/lang/Float intBitsToFloat (I)F 0 0 1 0 -1
ciMethod java/lang/Double valueOf (D)Ljava/lang/Double; 9 1 1 0 0
ciMethod java/lang/Double <init> (D)V 9 1 1 0 -1
ciMethod java/lang/Double longBitsToDouble (J)D 41 1 5 0 -1
ciMethod java/lang/Integer valueOf (I)Ljava/lang/Integer; 353 1 88 0 0
ciMethod java/lang/Integer <init> (I)V 2209 1 276 0 -1
ciMethod java/lang/Long valueOf (J)Ljava/lang/Long; 41 1 8 0 0
ciMethod java/lang/Long <init> (J)V 2057 1 257 0 -1
ciMethod java/lang/Math max (II)I 4097 1 25232 0 -1
ciMethodData java/lang/Object <init> ()V 2 66321 orig 264 104 147 251 104 0 0 0 0 104 4 227 20 0 0 0 0 32 1 0 0 0 0 0 0 0 0 0 0 0 0 0 0 0 0 0 0 0 0 0 0 0 0 0 0 0 0 0 0 0 0 0 0 0 0 0 0 0 0 0 0 0 0 0 0 0 0 0 0 0 0 0 0 0 0 0 0 0 0 0 0 77 68 79 32 101 120 116 114 97 32 100 97 116 97 32 108 111 99 107 0 0 0 0 0 0 0 0 0 0 0 0 0 0 0 0 0 0 0 0 0 0 0 0 0 0 0 0 0 0 0 0 0 0 0 0 0 0 0 0 0 0 0 0 0 0 0 0 0 0 0 0 0 0 0 0 0 0 0 0 0 0 0 0 0 0 0 0 0 0 0 0 0 0 0 0 0 0 0 0 0 0 0 0 0 0 0 0 0 0 0 0 0 0 0 0 0 0 0 0 0 0 0 0 0 0 0 0 0 0 0 0 0 0 0 0 0 0 2 0 0 137 8 8 0 1 0 0 0 0 0 0 0 0 0 0 0 2 0 0 0 0 0 0 0 0 0 0 0 0 0 0 0 255 255 255 255 0 0 0 0 0 0 0 0 data 0 oops 0
ciMethodData java/lang/String hashCode ()I 2 44784 orig 264 104 147 251 104 0 0 0 0 192 77 227 20 0 0 0 0 152 1 0 0 32 0 0 0 0 0 0 0 0 0 0 0 0 0 0 0 0 0 0 0 0 0 0 0 0 0 0 0 0 0 0 0 0 0 0 0 0 0 0 0 0 0 0 0 0 0 0 0 0 0 0 0 0 0 0 0 0 0 0 0 77 68 79 32 101 120 116 114 97 32 100 97 116 97 32 108 111 99 107 0 0 0 0 0 0 0 0 0 0 0 0 0 0 0 0 0 0 0 0 0 0 0 0 0 0 0 0 0 0 0 0 0 0 0 0 0 0 0 0 0 0 0 0 0 0 0 0 0 0 0 0 0 0 0 0 0 0 0 0 0 0 0 0 0 0 0 0 0 0 0 0 0 0 0 0 0 0 0 0 0 0 0 0 0 0 0 0 0 0 0 0 0 0 0 0 0 0 0 0 0 0 0 0 0 0 0 0 0 0 0 0 0 0 0 0 0 0 16 0 0 201 89 0 0 129 247 4 0 0 0 0 0 0 0 0 0 2 0 0 0 0 0 0 0 0 0 0 0 120 0 0 0 255 255 255 255 7 0 6 0 0 0 0 0 data 15 0x60007 0x65e 0x78 0x4db 0xe0007 0x1 0x58 0x4da 0x1e0007 0x4da 0x38 0x9eea 0x2d0003 0x9eea 0xffffffffffffffe0 oops 0
ciMethodData java/lang/String length ()I 2 19528 orig 264 104 147 251 104 0 0 0 0 72 59 227 20 0 0 0 0 32 1 0 0 0 0 0 0 0 0 0 0 0 0 0 0 0 0 0 0 0 0 0 0 0 0 0 0 0 0 0 0 0 0 0 0 0 0 0 0 0 0 0 0 0 0 0 0 0 0 0 0 0 0 0 0 0 0 0 0 0 0 0 0 77 68 79 32 101 120 116 114 97 32 100 97 116 97 32 108 111 99 107 0 0 0 0 0 0 0 0 0 0 0 0 0 0 0 0 0 0 0 0 0 0 0 0 0 0 0 0 0 0 0 0 0 0 0 0 0 0 0 0 0 0 0 0 0 0 0 0 0 0 0 0 0 0 0 0 0 0 0 0 0 0 0 0 0 0 0 0 0 0 0 0 0 0 0 0 0 0 0 0 0 0 0 0 0 0 0 0 0 0 0 0 0 0 0 0 0 0 0 0 0 0 0 0 0 0 0 0 0 0 0 0 0 0 0 0 0 0 2 0 0 65 82 2 0 1 0 0 0 0 0 0 0 0 0 0 0 2 0 0 0 0 0 3 0 1 0 0 0 0 0 0 0 255 255 255 255 0 0 0 0 0 0 0 0 data 0 oops 0
ciMethod org/eclipse/jdt/launching/internal/org/objectweb/asm/ClassReader readCode (Lorg/eclipse/jdt/launching/internal/org/objectweb/asm/MethodVisitor;Lorg/eclipse/jdt/launching/internal/org/objectweb/asm/Context;I)V 1041 57401 797 0 -1
ciMethod org/eclipse/jdt/launching/internal/org/objectweb/asm/ClassReader readLabel (I[Lorg/eclipse/jdt/launching/internal/org/objectweb/asm/Label;)Lorg/eclipse/jdt/launching/internal/org/objectweb/asm/Label; 2505 1 3916 0 0
ciMethod org/eclipse/jdt/launching/internal/org/objectweb/asm/ClassReader createLabel (I[Lorg/eclipse/jdt/launching/internal/org/objectweb/asm/Label;)Lorg/eclipse/jdt/launching/internal/org/objectweb/asm/Label; 2201 1 1019 0 0
ciMethod org/eclipse/jdt/launching/internal/org/objectweb/asm/ClassReader createDebugLabel (I[Lorg/eclipse/jdt/launching/internal/org/objectweb/asm/Label;)V 3185 1 5830 0 0
ciMethod org/eclipse/jdt/launching/internal/org/objectweb/asm/ClassReader readTypeAnnotations (Lorg/eclipse/jdt/launching/internal/org/objectweb/asm/MethodVisitor;Lorg/eclipse/jdt/launching/internal/org/objectweb/asm/Context;IZ)[I 0 0 1 0 -1
ciMethod org/eclipse/jdt/launching/internal/org/objectweb/asm/ClassReader getTypeAnnotationBytecodeOffset ([II)I 2177 1 1594 0 0
ciMethod org/eclipse/jdt/launching/internal/org/objectweb/asm/ClassReader readTypeAnnotationTarget (Lorg/eclipse/jdt/launching/internal/org/objectweb/asm/Context;I)I 0 0 1 0 -1
ciMethod org/eclipse/jdt/launching/internal/org/objectweb/asm/ClassReader readElementValues (Lorg/eclipse/jdt/launching/internal/org/objectweb/asm/AnnotationVisitor;IZ[C)I 97 177 143 0 -1
ciMethod org/eclipse/jdt/launching/internal/org/objectweb/asm/ClassReader computeImplicitFrame (Lorg/eclipse/jdt/launching/internal/org/objectweb/asm/Context;)V 0 0 1 0 -1
ciMethod org/eclipse/jdt/launching/internal/org/objectweb/asm/ClassReader readStackMapFrame (IZZLorg/eclipse/jdt/launching/internal/org/objectweb/asm/Context;)I 297 81 340 0 -1
ciMethod org/eclipse/jdt/launching/internal/org/objectweb/asm/ClassReader readVerificationTypeInfo (I[Ljava/lang/Object;I[C[Lorg/eclipse/jdt/launching/internal/org/objectweb/asm/Label;)I 1865 1 359 0 -1
ciMethod org/eclipse/jdt/launching/internal/org/objectweb/asm/ClassReader readAttribute ([Lorg/eclipse/jdt/launching/internal/org/objectweb/asm/Attribute;Ljava/lang/String;II[CI[Lorg/eclipse/jdt/launching/internal/org/objectweb/asm/Label;)Lorg/eclipse/jdt/launching/internal/org/objectweb/asm/Attribute; 0 0 1 0 -1
ciMethod org/eclipse/jdt/launching/internal/org/objectweb/asm/ClassReader readByte (I)I 209 1 420 0 0
ciMethod org/eclipse/jdt/launching/internal/org/objectweb/asm/ClassReader readUnsignedShort (I)I 3057 1 52317 0 192
ciMethod org/eclipse/jdt/launching/internal/org/objectweb/asm/ClassReader readShort (I)S 3177 1 1131 0 0
ciMethod org/eclipse/jdt/launching/internal/org/objectweb/asm/ClassReader readInt (I)I 2049 1 1340 0 224
ciMethod org/eclipse/jdt/launching/internal/org/objectweb/asm/ClassReader readLong (I)J 33 1 7 0 0
ciMethod org/eclipse/jdt/launching/internal/org/objectweb/asm/ClassReader readUTF8 (I[C)Ljava/lang/String; 2049 1 22302 0 832
ciMethod org/eclipse/jdt/launching/internal/org/objectweb/asm/ClassReader readUtf (I[C)Ljava/lang/String; 2177 1 5510 0 608
ciMethod org/eclipse/jdt/launching/internal/org/objectweb/asm/ClassReader readUtf (II[C)Ljava/lang/String; 1089 17961 789 0 2464
ciMethod org/eclipse/jdt/launching/internal/org/objectweb/asm/ClassReader readStringish (I[C)Ljava/lang/String; 4025 1 6036 0 0
ciMethod org/eclipse/jdt/launching/internal/org/objectweb/asm/ClassReader readClass (I[C)Ljava/lang/String; 4017 1 5194 0 0
ciMethod org/eclipse/jdt/launching/internal/org/objectweb/asm/ClassReader readConstantDynamic (I[C)Lorg/eclipse/jdt/launching/internal/org/objectweb/asm/ConstantDynamic; 0 0 1 0 0
ciMethod org/eclipse/jdt/launching/internal/org/objectweb/asm/ClassReader readConst (I[C)Ljava/lang/Object; 1209 1 1249 0 0
ciMethodData org/eclipse/jdt/launching/internal/org/objectweb/asm/ClassReader readUnsignedShort (I)I 2 53159 orig 264 104 147 251 104 0 0 0 0 72 5 36 21 0 0 0 0 40 1 0 0 0 0 0 0 0 0 0 0 0 0 0 0 0 0 0 0 0 0 0 0 0 0 0 0 0 0 0 0 0 0 0 0 0 0 0 0 0 0 0 0 0 0 0 0 0 0 0 0 0 0 0 0 0 0 0 0 0 0 0 0 77 68 79 32 101 120 116 114 97 32 100 97 116 97 32 108 111 99 107 0 0 0 0 0 0 0 0 0 0 0 0 0 0 0 0 0 0 0 0 0 0 0 0 0 0 0 0 0 0 0 0 0 0 0 0 0 0 0 0 0 0 0 0 0 0 0 0 0 0 0 0 0 0 0 0 0 0 0 0 0 0 0 0 0 0 0 0 0 0 0 0 0 0 0 0 0 0 0 0 0 0 0 0 0 0 0 0 0 0 0 0 0 0 0 0 0 0 0 0 0 0 0 0 0 0 0 0 0 0 0 0 0 0 0 0 0 126 1 0 0 73 113 6 0 1 0 0 0 0 0 0 0 0 0 0 0 2 0 0 0 0 0 3 0 1 0 0 0 0 0 0 0 255 255 255 255 0 0 0 0 0 0 0 0 data 0 oops 0
ciMethod org/eclipse/jdt/launching/internal/org/objectweb/asm/MethodVisitor visitAttribute (Lorg/eclipse/jdt/launching/internal/org/objectweb/asm/Attribute;)V 0 0 1 0 -1
ciMethod org/eclipse/jdt/launching/internal/org/objectweb/asm/MethodVisitor visitFrame (II[Ljava/lang/Object;I[Ljava/lang/Object;)V 0 0 1 0 -1
ciMethod org/eclipse/jdt/launching/internal/org/objectweb/asm/MethodVisitor visitInsn (I)V 0 0 1 0 -1
ciMethod org/eclipse/jdt/launching/internal/org/objectweb/asm/MethodVisitor visitIntInsn (II)V 0 0 1 0 -1
ciMethod org/eclipse/jdt/launching/internal/org/objectweb/asm/MethodVisitor visitVarInsn (II)V 0 0 1 0 -1
ciMethod org/eclipse/jdt/launching/internal/org/objectweb/asm/MethodVisitor visitTypeInsn (ILjava/lang/String;)V 0 0 1 0 -1
ciMethod org/eclipse/jdt/launching/internal/org/objectweb/asm/MethodVisitor visitFieldInsn (ILjava/lang/String;Ljava/lang/String;Ljava/lang/String;)V 0 0 1 0 -1
ciMethod org/eclipse/jdt/launching/internal/org/objectweb/asm/MethodVisitor visitMethodInsn (ILjava/lang/String;Ljava/lang/String;Ljava/lang/String;Z)V 0 0 1 0 -1
ciMethod org/eclipse/jdt/launching/internal/org/objectweb/asm/MethodVisitor visitInvokeDynamicInsn (Ljava/lang/String;Ljava/lang/String;Lorg/eclipse/jdt/launching/internal/org/objectweb/asm/Handle;[Ljava/lang/Object;)V 0 0 1 0 -1
ciMethod org/eclipse/jdt/launching/internal/org/objectweb/asm/MethodVisitor visitJumpInsn (ILorg/eclipse/jdt/launching/internal/org/objectweb/asm/Label;)V 0 0 1 0 -1
ciMethod org/eclipse/jdt/launching/internal/org/objectweb/asm/MethodVisitor visitLabel (Lorg/eclipse/jdt/launching/internal/org/objectweb/asm/Label;)V 0 0 1 0 -1
ciMethod org/eclipse/jdt/launching/internal/org/objectweb/asm/MethodVisitor visitLdcInsn (Ljava/lang/Object;)V 0 0 1 0 -1
ciMethod org/eclipse/jdt/launching/internal/org/objectweb/asm/MethodVisitor visitIincInsn (II)V 0 0 1 0 -1
ciMethod org/eclipse/jdt/launching/internal/org/objectweb/asm/MethodVisitor visitTableSwitchInsn (IILorg/eclipse/jdt/launching/internal/org/objectweb/asm/Label;[Lorg/eclipse/jdt/launching/internal/org/objectweb/asm/Label;)V 0 0 1 0 -1
ciMethod org/eclipse/jdt/launching/internal/org/objectweb/asm/MethodVisitor visitLookupSwitchInsn (Lorg/eclipse/jdt/launching/internal/org/objectweb/asm/Label;[I[Lorg/eclipse/jdt/launching/internal/org/objectweb/asm/Label;)V 0 0 1 0 -1
ciMethod org/eclipse/jdt/launching/internal/org/objectweb/asm/MethodVisitor visitMultiANewArrayInsn (Ljava/lang/String;I)V 0 0 1 0 -1
ciMethod org/eclipse/jdt/launching/internal/org/objectweb/asm/MethodVisitor visitInsnAnnotation (ILorg/eclipse/jdt/launching/internal/org/objectweb/asm/TypePath;Ljava/lang/String;Z)Lorg/eclipse/jdt/launching/internal/org/objectweb/asm/AnnotationVisitor; 0 0 1 0 -1
ciMethod org/eclipse/jdt/launching/internal/org/objectweb/asm/MethodVisitor visitTryCatchBlock (Lorg/eclipse/jdt/launching/internal/org/objectweb/asm/Label;Lorg/eclipse/jdt/launching/internal/org/objectweb/asm/Label;Lorg/eclipse/jdt/launching/internal/org/objectweb/asm/Label;Ljava/lang/String;)V 0 0 1 0 -1
ciMethod org/eclipse/jdt/launching/internal/org/objectweb/asm/MethodVisitor visitLocalVariable (Ljava/lang/String;Ljava/lang/String;Ljava/lang/String;Lorg/eclipse/jdt/launching/internal/org/objectweb/asm/Label;Lorg/eclipse/jdt/launching/internal/org/objectweb/asm/Label;I)V 0 0 1 0 -1
ciMethod org/eclipse/jdt/launching/internal/org/objectweb/asm/MethodVisitor visitLocalVariableAnnotation (ILorg/eclipse/jdt/launching/internal/org/objectweb/asm/TypePath;[Lorg/eclipse/jdt/launching/internal/org/objectweb/asm/Label;[Lorg/eclipse/jdt/launching/internal/org/objectweb/asm/Label;[ILjava/lang/String;Z)Lorg/eclipse/jdt/launching/internal/org/objectweb/asm/AnnotationVisitor; 0 0 1 0 -1
ciMethod org/eclipse/jdt/launching/internal/org/objectweb/asm/MethodVisitor visitLineNumber (ILorg/eclipse/jdt/launching/internal/org/objectweb/asm/Label;)V 0 0 1 0 -1
ciMethod org/eclipse/jdt/launching/internal/org/objectweb/asm/MethodVisitor visitMaxs (II)V 0 0 1 0 -1
ciMethod org/eclipse/jdt/launching/internal/org/objectweb/asm/MethodWriter visitFrame (II[Ljava/lang/Object;I[Ljava/lang/Object;)V 3249 1633 488 0 -1
ciMethod org/eclipse/jdt/launching/internal/org/objectweb/asm/MethodWriter visitInsn (I)V 3073 1 2857 0 0
ciMethod org/eclipse/jdt/launching/internal/org/objectweb/asm/MethodWriter visitIntInsn (II)V 1121 1 92 0 0
ciMethod org/eclipse/jdt/launching/internal/org/objectweb/asm/MethodWriter visitVarInsn (II)V 4033 1 4063 0 0
ciMethod org/eclipse/jdt/launching/internal/org/objectweb/asm/MethodWriter visitTypeInsn (ILjava/lang/String;)V 3073 1 658 0 0
ciMethod org/eclipse/jdt/launching/internal/org/objectweb/asm/MethodWriter visitFieldInsn (ILjava/lang/String;Ljava/lang/String;Ljava/lang/String;)V 2145 1 878 0 -1
ciMethod org/eclipse/jdt/launching/internal/org/objectweb/asm/MethodWriter visitMethodInsn (ILjava/lang/String;Ljava/lang/String;Ljava/lang/String;Z)V 3393 1 3086 0 -1
ciMethod org/eclipse/jdt/launching/internal/org/objectweb/asm/MethodWriter visitInvokeDynamicInsn (Ljava/lang/String;Ljava/lang/String;Lorg/eclipse/jdt/launching/internal/org/objectweb/asm/Handle;[Ljava/lang/Object;)V 3073 1 271 0 -1
ciMethod org/eclipse/jdt/launching/internal/org/objectweb/asm/MethodWriter visitJumpInsn (ILorg/eclipse/jdt/launching/internal/org/objectweb/asm/Label;)V 2081 1 663 0 0
ciMethod org/eclipse/jdt/launching/internal/org/objectweb/asm/MethodWriter visitLabel (Lorg/eclipse/jdt/launching/internal/org/objectweb/asm/Label;)V 3681 1 4153 0 -1
ciMethod org/eclipse/jdt/launching/internal/org/objectweb/asm/MethodWriter visitLdcInsn (Ljava/lang/Object;)V 2057 1 534 0 -1
ciMethod org/eclipse/jdt/launching/internal/org/objectweb/asm/MethodWriter visitIincInsn (II)V 369 1 33 0 0
ciMethod org/eclipse/jdt/launching/internal/org/objectweb/asm/MethodWriter visitTableSwitchInsn (IILorg/eclipse/jdt/launching/internal/org/objectweb/asm/Label;[Lorg/eclipse/jdt/launching/internal/org/objectweb/asm/Label;)V 17 73 1 0 -1
ciMethod org/eclipse/jdt/launching/internal/org/objectweb/asm/MethodWriter visitLookupSwitchInsn (Lorg/eclipse/jdt/launching/internal/org/objectweb/asm/Label;[I[Lorg/eclipse/jdt/launching/internal/org/objectweb/asm/Label;)V 25 81 1 0 -1
ciMethod org/eclipse/jdt/launching/internal/org/objectweb/asm/MethodWriter visitSwitchInsn (Lorg/eclipse/jdt/launching/internal/org/objectweb/asm/Label;[Lorg/eclipse/jdt/launching/internal/org/objectweb/asm/Label;)V 41 1 1 0 -1
ciMethod org/eclipse/jdt/launching/internal/org/objectweb/asm/MethodWriter visitMultiANewArrayInsn (Ljava/lang/String;I)V 0 0 1 0 0
ciMethod org/eclipse/jdt/launching/internal/org/objectweb/asm/MethodWriter visitTryCatchBlock (Lorg/eclipse/jdt/launching/internal/org/objectweb/asm/Label;Lorg/eclipse/jdt/launching/internal/org/objectweb/asm/Label;Lorg/eclipse/jdt/launching/internal/org/objectweb/asm/Label;Ljava/lang/String;)V 1377 1 60 0 0
ciMethod org/eclipse/jdt/launching/internal/org/objectweb/asm/MethodWriter visitLocalVariable (Ljava/lang/String;Ljava/lang/String;Ljava/lang/String;Lorg/eclipse/jdt/launching/internal/org/objectweb/asm/Label;Lorg/eclipse/jdt/launching/internal/org/objectweb/asm/Label;I)V 2057 1 2114 0 -1
ciMethod org/eclipse/jdt/launching/internal/org/objectweb/asm/MethodWriter visitLineNumber (ILorg/eclipse/jdt/launching/internal/org/objectweb/asm/Label;)V 2945 1 2982 0 0
ciMethod org/eclipse/jdt/launching/internal/org/objectweb/asm/MethodWriter visitMaxs (II)V 2097 1 982 0 -1
ciMethod org/eclipse/jdt/launching/internal/org/objectweb/asm/MethodWriter computeAllFrames ()V 0 0 1 0 -1
ciMethod org/eclipse/jdt/launching/internal/org/objectweb/asm/MethodWriter computeMaxStackAndLocal ()V 0 0 1 0 -1
ciMethod org/eclipse/jdt/launching/internal/org/objectweb/asm/MethodWriter addSuccessorToCurrentBasicBlock (ILorg/eclipse/jdt/launching/internal/org/objectweb/asm/Label;)V 0 0 1 0 -1
ciMethod org/eclipse/jdt/launching/internal/org/objectweb/asm/MethodWriter endCurrentBasicBlockWithNoSuccessor ()V 0 0 1 0 -1
ciMethod org/eclipse/jdt/launching/internal/org/objectweb/asm/MethodWriter visitFrameStart (III)I 0 0 1 0 -1
ciMethod org/eclipse/jdt/launching/internal/org/objectweb/asm/MethodWriter visitFrameEnd ()V 0 0 1 0 -1
ciMethod org/eclipse/jdt/launching/internal/org/objectweb/asm/MethodWriter putFrameType (Ljava/lang/Object;)V 2097 1 359 0 -1
ciMethod org/eclipse/jdt/launching/internal/org/objectweb/asm/SymbolTable get (I)Lorg/eclipse/jdt/launching/internal/org/objectweb/asm/SymbolTable$Entry; 2241 1 19888 0 0
ciMethod org/eclipse/jdt/launching/internal/org/objectweb/asm/SymbolTable put (Lorg/eclipse/jdt/launching/internal/org/objectweb/asm/SymbolTable$Entry;)Lorg/eclipse/jdt/launching/internal/org/objectweb/asm/SymbolTable$Entry; 3841 10777 5690 0 1312
ciMethod org/eclipse/jdt/launching/internal/org/objectweb/asm/SymbolTable addConstant (Ljava/lang/Object;)Lorg/eclipse/jdt/launching/internal/org/objectweb/asm/Symbol; 2081 1 2194 0 -1
ciMethod org/eclipse/jdt/launching/internal/org/objectweb/asm/SymbolTable addConstantClass (Ljava/lang/String;)Lorg/eclipse/jdt/launching/internal/org/objectweb/asm/Symbol; 1561 1 3800 0 0
ciMethod org/eclipse/jdt/launching/internal/org/objectweb/asm/SymbolTable addConstantFieldref (Ljava/lang/String;Ljava/lang/String;Ljava/lang/String;)Lorg/eclipse/jdt/launching/internal/org/objectweb/asm/Symbol; 2153 1 878 0 -1
ciMethod org/eclipse/jdt/launching/internal/org/objectweb/asm/SymbolTable addConstantMethodref (Ljava/lang/String;Ljava/lang/String;Ljava/lang/String;Z)Lorg/eclipse/jdt/launching/internal/org/objectweb/asm/Symbol; 3393 1 3394 0 -1
ciMethod org/eclipse/jdt/launching/internal/org/objectweb/asm/SymbolTable addConstantUtf8 (Ljava/lang/String;)I 3937 1481 7490 0 4416
ciMethod org/eclipse/jdt/launching/internal/org/objectweb/asm/SymbolTable addConstantInvokeDynamic (Ljava/lang/String;Ljava/lang/String;Lorg/eclipse/jdt/launching/internal/org/objectweb/asm/Handle;[Ljava/lang/Object;)Lorg/eclipse/jdt/launching/internal/org/objectweb/asm/Symbol; 3073 1 271 0 -1
ciMethod org/eclipse/jdt/launching/internal/org/objectweb/asm/SymbolTable addConstantUtf8Reference (ILjava/lang/String;)Lorg/eclipse/jdt/launching/internal/org/objectweb/asm/Symbol; 1929 817 5652 0 0
ciMethod org/eclipse/jdt/launching/internal/org/objectweb/asm/SymbolTable hash (ILjava/lang/String;)I 4097 1 13142 0 0
ciMethod org/eclipse/jdt/launching/internal/org/objectweb/asm/Symbol <init> (IILjava/lang/String;Ljava/lang/String;Ljava/lang/String;J)V 4097 1 5690 0 96
ciMethod org/eclipse/jdt/launching/internal/org/objectweb/asm/Symbol getArgumentsAndReturnSizes ()I 257 1 660 0 -1
ciMethod org/eclipse/jdt/launching/internal/org/objectweb/asm/SymbolTable$Entry <init> (IILjava/lang/String;I)V 2641 1 5550 0 0
ciMethod org/eclipse/jdt/launching/internal/org/objectweb/asm/ByteVector <init> ()V 1081 1 3868 0 0
ciMethod org/eclipse/jdt/launching/internal/org/objectweb/asm/ByteVector putByte (I)Lorg/eclipse/jdt/launching/internal/org/objectweb/asm/ByteVector; 4097 1 5722 0 288
ciMethod org/eclipse/jdt/launching/internal/org/objectweb/asm/ByteVector put11 (II)Lorg/eclipse/jdt/launching/internal/org/objectweb/asm/ByteVector; 1209 1 1595 0 -1
ciMethod org/eclipse/jdt/launching/internal/org/objectweb/asm/ByteVector putShort (I)Lorg/eclipse/jdt/launching/internal/org/objectweb/asm/ByteVector; 3521 1 5672 0 448
ciMethod org/eclipse/jdt/launching/internal/org/objectweb/asm/ByteVector put12 (II)Lorg/eclipse/jdt/launching/internal/org/objectweb/asm/ByteVector; 3097 1 5565 0 512
ciMethod org/eclipse/jdt/launching/internal/org/objectweb/asm/ByteVector putInt (I)Lorg/eclipse/jdt/launching/internal/org/objectweb/asm/ByteVector; 3449 1 5634 0 -1
ciMethod org/eclipse/jdt/launching/internal/org/objectweb/asm/ByteVector putUTF8 (Ljava/lang/String;)Lorg/eclipse/jdt/launching/internal/org/objectweb/asm/ByteVector; 1625 29233 1015 0 -1
ciMethod org/eclipse/jdt/launching/internal/org/objectweb/asm/ByteVector putByteArray ([BII)Lorg/eclipse/jdt/launching/internal/org/objectweb/asm/ByteVector; 4097 1 3904 0 -1
ciMethod org/eclipse/jdt/launching/internal/org/objectweb/asm/ByteVector enlarge (I)V 121 1 955 0 0
ciMethod org/eclipse/jdt/launching/internal/org/objectweb/asm/Frame setInputFrameFromApiFormat (Lorg/eclipse/jdt/launching/internal/org/objectweb/asm/SymbolTable;I[Ljava/lang/Object;I[Ljava/lang/Object;)V 0 0 1 0 -1
ciMethod org/eclipse/jdt/launching/internal/org/objectweb/asm/Frame execute (IILorg/eclipse/jdt/launching/internal/org/objectweb/asm/Symbol;Lorg/eclipse/jdt/launching/internal/org/objectweb/asm/SymbolTable;)V 0 0 1 0 -1
ciMethod org/eclipse/jdt/launching/internal/org/objectweb/asm/Frame accept (Lorg/eclipse/jdt/launching/internal/org/objectweb/asm/MethodWriter;)V 0 0 1 0 -1
ciMethod org/eclipse/jdt/launching/internal/org/objectweb/asm/Label <init> ()V 2329 1 3465 0 0
ciMethod org/eclipse/jdt/launching/internal/org/objectweb/asm/Label getCanonicalInstance ()Lorg/eclipse/jdt/launching/internal/org/objectweb/asm/Label; 0 0 1 0 -1
ciMethod org/eclipse/jdt/launching/internal/org/objectweb/asm/Label addLineNumber (I)V 3097 1 2484 0 0
ciMethod org/eclipse/jdt/launching/internal/org/objectweb/asm/Label accept (Lorg/eclipse/jdt/launching/internal/org/objectweb/asm/MethodVisitor;Z)V 4097 1 2677 0 0
ciMethod org/eclipse/jdt/launching/internal/org/objectweb/asm/Label put (Lorg/eclipse/jdt/launching/internal/org/objectweb/asm/ByteVector;IZ)V 2081 1 663 0 -1
ciMethod org/eclipse/jdt/launching/internal/org/objectweb/asm/Label resolve ([BI)Z 3681 937 4153 0 -1
ciMethod org/eclipse/jdt/launching/internal/org/objectweb/asm/Handler <init> (Lorg/eclipse/jdt/launching/internal/org/objectweb/asm/Label;Lorg/eclipse/jdt/launching/internal/org/objectweb/asm/Label;Lorg/eclipse/jdt/launching/internal/org/objectweb/asm/Label;ILjava/lang/String;)V 1377 1 60 0 -1
ciMethodData org/eclipse/jdt/launching/internal/org/objectweb/asm/SymbolTable get (I)Lorg/eclipse/jdt/launching/internal/org/objectweb/asm/SymbolTable$Entry; 2 19888 orig 264 104 147 251 104 0 0 0 0 88 123 37 21 0 0 0 0 40 1 0 0 0 0 0 0 0 0 0 0 0 0 0 0 0 0 0 0 0 0 0 0 0 0 0 0 0 0 0 0 0 0 0 0 0 0 0 0 0 0 0 0 0 0 0 0 0 0 0 0 0 0 0 0 0 0 0 0 0 0 0 0 77 68 79 32 101 120 116 114 97 32 100 97 116 97 32 108 111 99 107 0 0 0 0 0 0 0 0 0 0 0 0 0 0 0 0 0 0 0 0 0 0 0 0 0 0 0 0 0 0 0 0 0 0 0 0 0 0 0 0 0 0 0 0 0 0 0 0 0 0 0 0 0 0 0 0 0 0 0 0 0 0 0 0 0 0 0 0 0 0 0 0 0 0 0 0 0 0 0 0 0 0 0 0 0 0 0 0 0 0 0 0 0 0 0 0 0 0 0 0 0 0 0 0 0 0 0 0 0 0 0 0 0 0 0 0 0 24 1 0 0 193 100 2 0 1 0 0 0 0 0 0 0 0 0 0 0 2 0 0 0 0 0 3 0 1 0 0 0 0 0 0 0 255 255 255 255 0 0 0 0 0 0 0 0 data 0 oops 0
ciMethodData org/eclipse/jdt/launching/internal/org/objectweb/asm/ClassReader readUTF8 (I[C)Ljava/lang/String; 2 23654 orig 264 104 147 251 104 0 0 0 0 192 8 36 21 0 0 0 0 248 1 0 0 80 0 0 0 0 0 0 0 0 0 0 0 0 0 0 0 0 0 0 0 0 0 0 0 0 0 0 0 0 0 0 0 0 0 0 0 0 0 0 0 0 0 0 0 0 0 0 0 0 0 0 0 0 0 0 0 0 0 0 0 77 68 79 32 101 120 116 114 97 32 100 97 116 97 32 108 111 99 107 0 0 0 0 0 0 0 0 0 0 0 0 0 0 0 0 0 0 0 0 0 0 0 0 0 0 0 0 0 0 0 0 0 0 0 0 0 0 0 0 0 0 0 0 0 0 0 0 0 0 0 0 0 0 0 0 0 0 0 0 0 0 0 0 0 0 0 0 0 0 0 0 0 0 0 0 0 0 0 0 0 0 0 0 0 0 0 0 0 0 0 0 0 0 0 0 0 0 0 0 0 0 0 0 0 0 0 0 0 0 0 0 0 0 0 0 0 0 1 0 0 49 219 2 0 1 0 0 0 0 0 0 0 0 0 0 0 2 0 0 0 0 0 8 0 2 0 0 0 160 0 0 0 255 255 255 255 5 0 2 0 0 0 0 0 data 20 0x20005 0x0 0x183b0200 0x5b66 0x0 0x0 0x70007 0xf 0x40 0x5b57 0xb0007 0x5b55 0x20 0x2 0x130005 0x5f 0x183b0200 0x5af6 0x0 0x0 oops 2